{"/Users/lukegartland/WebDev/GR-Results/utils/findMissedAndCorrupted.js": {"path":"/Users/lukegartland/WebDev/GR-Results/utils/findMissedAndCorrupted.js","statementMap":{"0":{"start":{"line":1,"column":31},"end":{"line":26,"column":1}},"1":{"start":{"line":2,"column":2},"end":{"line":2,"column":73}},"2":{"start":{"line":3,"column":21},"end":{"line":3,"column":23}},"3":{"start":{"line":4,"column":20},"end":{"line":4,"column":22}},"4":{"start":{"line":5,"column":2},"end":{"line":24,"column":5}},"5":{"start":{"line":7,"column":17},"end":{"line":9,"column":5}},"6":{"start":{"line":8,"column":23},"end":{"line":8,"column":56}},"7":{"start":{"line":11,"column":4},"end":{"line":23,"column":5}},"8":{"start":{"line":13,"column":6},"end":{"line":19,"column":7}},"9":{"start":{"line":18,"column":8},"end":{"line":18,"column":29}},"10":{"start":{"line":22,"column":6},"end":{"line":22,"column":35}},"11":{"start":{"line":25,"column":2},"end":{"line":25,"column":35}}},"fnMap":{"0":{"name":"(anonymous_0)","decl":{"start":{"line":1,"column":31},"end":{"line":1,"column":32}},"loc":{"start":{"line":1,"column":53},"end":{"line":26,"column":1}},"line":1},"1":{"name":"(anonymous_1)","decl":{"start":{"line":5,"column":18},"end":{"line":5,"column":19}},"loc":{"start":{"line":5,"column":35},"end":{"line":24,"column":3}},"line":5},"2":{"name":"(anonymous_2)","decl":{"start":{"line":8,"column":6},"end":{"line":8,"column":7}},"loc":{"start":{"line":8,"column":23},"end":{"line":8,"column":56}},"line":8}},"branchMap":{"0":{"loc":{"start":{"line":11,"column":4},"end":{"line":23,"column":5}},"type":"if","locations":[{"start":{"line":11,"column":4},"end":{"line":23,"column":5}},{"start":{"line":11,"column":4},"end":{"line":23,"column":5}}],"line":11},"1":{"loc":{"start":{"line":13,"column":6},"end":{"line":19,"column":7}},"type":"if","locations":[{"start":{"line":13,"column":6},"end":{"line":19,"column":7}},{"start":{"line":13,"column":6},"end":{"line":19,"column":7}}],"line":13},"2":{"loc":{"start":{"line":14,"column":8},"end":{"line":15,"column":43}},"type":"binary-expr","locations":[{"start":{"line":14,"column":8},"end":{"line":14,"column":41}},{"start":{"line":15,"column":8},"end":{"line":15,"column":43}}],"line":14}},"s":{"0":1,"1":2,"2":2,"3":2,"4":2,"5":10,"6":50,"7":10,"8":8,"9":4,"10":2,"11":2},"f":{"0":2,"1":10,"2":50},"b":{"0":[8,2],"1":[4,4],"2":[8,6]},"_coverageSchema":"1a1c01bbd47fc00a2c39e90264f33305004495a9","hash":"6422a67e44a375b1360344243afdd0ebcd2cda41"}
,"/Users/lukegartland/WebDev/GR-Results/utils/findNewlyCreated.js": {"path":"/Users/lukegartland/WebDev/GR-Results/utils/findNewlyCreated.js","statementMap":{"0":{"start":{"line":1,"column":25},"end":{"line":15,"column":1}},"1":{"start":{"line":2,"column":2},"end":{"line":2,"column":58}},"2":{"start":{"line":3,"column":21},"end":{"line":3,"column":23}},"3":{"start":{"line":4,"column":2},"end":{"line":13,"column":5}},"4":{"start":{"line":6,"column":17},"end":{"line":8,"column":5}},"5":{"start":{"line":7,"column":23},"end":{"line":7,"column":56}},"6":{"start":{"line":10,"column":4},"end":{"line":12,"column":5}},"7":{"start":{"line":11,"column":6},"end":{"line":11,"column":35}},"8":{"start":{"line":14,"column":2},"end":{"line":14,"column":20}}},"fnMap":{"0":{"name":"(anonymous_0)","decl":{"start":{"line":1,"column":25},"end":{"line":1,"column":26}},"loc":{"start":{"line":1,"column":47},"end":{"line":15,"column":1}},"line":1},"1":{"name":"(anonymous_1)","decl":{"start":{"line":4,"column":18},"end":{"line":4,"column":19}},"loc":{"start":{"line":4,"column":35},"end":{"line":13,"column":3}},"line":4},"2":{"name":"(anonymous_2)","decl":{"start":{"line":7,"column":6},"end":{"line":7,"column":7}},"loc":{"start":{"line":7,"column":23},"end":{"line":7,"column":56}},"line":7}},"branchMap":{"0":{"loc":{"start":{"line":10,"column":4},"end":{"line":12,"column":5}},"type":"if","locations":[{"start":{"line":10,"column":4},"end":{"line":12,"column":5}},{"start":{"line":10,"column":4},"end":{"line":12,"column":5}}],"line":10}},"s":{"0":1,"1":1,"2":1,"3":1,"4":5,"5":25,"6":5,"7":1,"8":1},"f":{"0":1,"1":5,"2":25},"b":{"0":[1,4]},"_coverageSchema":"1a1c01bbd47fc00a2c39e90264f33305004495a9","hash":"d30c38ab5f9fb1504397d8a9671fc6b99144c7f1"}
,"/Users/lukegartland/WebDev/GR-Results/utils/testDataset.js": {"path":"/Users/lukegartland/WebDev/GR-Results/utils/testDataset.js","statementMap":{"0":{"start":{"line":1,"column":23},"end":{"line":12,"column":1}},"1":{"start":{"line":13,"column":23},"end":{"line":19,"column":1}}},"fnMap":{},"branchMap":{},"s":{"0":2,"1":2},"f":{},"b":{},"_coverageSchema":"1a1c01bbd47fc00a2c39e90264f33305004495a9","hash":"b6c2cdd59de5e7efd88319f8d478184b771530ee"}
}
