TN:
SF:utils/findMissedAndCorrupted.js
FN:1,(anonymous_0)
FN:5,(anonymous_1)
FN:8,(anonymous_2)
FNF:3
FNH:3
FNDA:2,(anonymous_0)
FNDA:10,(anonymous_1)
FNDA:50,(anonymous_2)
DA:1,1
DA:2,2
DA:3,2
DA:4,2
DA:5,2
DA:7,10
DA:8,50
DA:11,10
DA:13,8
DA:18,4
DA:22,2
DA:25,2
LF:12
LH:12
BRDA:11,0,0,8
BRDA:11,0,1,2
BRDA:13,1,0,4
BRDA:13,1,1,4
BRDA:14,2,0,8
BRDA:14,2,1,6
BRF:6
BRH:6
end_of_record
TN:
SF:utils/findNewlyCreated.js
FN:1,(anonymous_0)
FN:4,(anonymous_1)
FN:7,(anonymous_2)
FNF:3
FNH:3
FNDA:1,(anonymous_0)
FNDA:5,(anonymous_1)
FNDA:25,(anonymous_2)
DA:1,1
DA:2,1
DA:3,1
DA:4,1
DA:6,5
DA:7,25
DA:10,5
DA:11,1
DA:14,1
LF:9
LH:9
BRDA:10,0,0,1
BRDA:10,0,1,4
BRF:2
BRH:2
end_of_record
TN:
SF:utils/testDataset.js
FNF:0
FNH:0
DA:1,2
DA:13,2
LF:2
LH:2
BRF:0
BRH:0
end_of_record
